<?xml version="1.0" encoding="UTF-8"?>
<testng-results skipped="0" failed="0" ignored="0" total="2" passed="2">
  <reporter-output>
  </reporter-output>
  <suite name="com.github.fullautomation.AppTest" duration-ms="8087" started-at="2019-12-01T19:57:20Z" finished-at="2019-12-01T19:57:28Z">
    <groups>
    </groups>
    <test name="Command line test" duration-ms="8087" started-at="2019-12-01T19:57:20Z" finished-at="2019-12-01T19:57:28Z">
      <class name="com.github.fullautomation.AppTest">
        <test-method status="PASS" signature="TestApacheHttp()[pri:0, instance:com.github.fullautomation.AppTest@64cd705f]" name="TestApacheHttp" duration-ms="6472" started-at="2019-12-01T19:57:20Z" finished-at="2019-12-01T19:57:26Z">
          <reporter-output>
          </reporter-output>
        </test-method> <!-- TestApacheHttp -->
        <test-method status="PASS" signature="TestApacheHttpPost()[pri:0, instance:com.github.fullautomation.AppTest@64cd705f]" name="TestApacheHttpPost" duration-ms="1555" started-at="2019-12-01T19:57:26Z" finished-at="2019-12-01T19:57:28Z">
          <reporter-output>
          </reporter-output>
        </test-method> <!-- TestApacheHttpPost -->
      </class> <!-- com.github.fullautomation.AppTest -->
    </test> <!-- Command line test -->
  </suite> <!-- com.github.fullautomation.AppTest -->
</testng-results>
